#
# There is insufficient memory for the Java Runtime Environment to continue.
# Native memory allocation (malloc) failed to allocate 1864032 bytes for Chunk::new
# Possible reasons:
#   The system is out of physical RAM or swap space
#   The process is running with CompressedOops enabled, and the Java Heap may be blocking the growth of the native heap
# Possible solutions:
#   Reduce memory load on the system
#   Increase physical memory or swap space
#   Check if swap backing store is full
#   Decrease Java heap size (-Xmx/-Xms)
#   Decrease number of Java threads
#   Decrease Java thread stack sizes (-Xss)
#   Set larger code cache with -XX:ReservedCodeCacheSize=
#   JVM is running with Zero Based Compressed Oops mode in which the Java heap is
#     placed in the first 32GB address space. The Java Heap base address is the
#     maximum limit for the native heap growth. Please use -XX:HeapBaseMinAddress
#     to set the Java Heap base and to place the Java Heap above 32GB virtual address.
# This output file may be truncated or incomplete.
#
#  Out of Memory Error (arena.cpp:189), pid=19288, tid=15692
#
# JRE version: OpenJDK Runtime Environment (17.0.6) (build 17.0.6+0-b2043.56-10027231)
# Java VM: OpenJDK 64-Bit Server VM (17.0.6+0-b2043.56-10027231, mixed mode, tiered, compressed oops, compressed class ptrs, g1 gc, windows-amd64)
# No core dump will be written. Minidumps are not enabled by default on client versions of Windows
#

---------------  S U M M A R Y ------------

Command Line: --add-opens=java.base/java.lang=ALL-UNNAMED --add-opens=java.base/java.lang.invoke=ALL-UNNAMED --add-opens=java.base/java.util=ALL-UNNAMED --add-opens=java.prefs/java.util.prefs=ALL-UNNAMED --add-exports=jdk.compiler/com.sun.tools.javac.api=ALL-UNNAMED --add-exports=jdk.compiler/com.sun.tools.javac.util=ALL-UNNAMED --add-opens=java.base/java.util=ALL-UNNAMED --add-opens=java.prefs/java.util.prefs=ALL-UNNAMED --add-opens=java.base/java.nio.charset=ALL-UNNAMED --add-opens=java.base/java.net=ALL-UNNAMED --add-opens=java.base/java.util.concurrent.atomic=ALL-UNNAMED --add-opens=java.xml/javax.xml.namespace=ALL-UNNAMED -XX:MaxMetaspaceSize=4G -XX:ReservedCodeCacheSize=512m -XX:+HeapDumpOnOutOfMemoryError -Xmx8G -Dfile.encoding=windows-1252 -Duser.country=US -Duser.language=en -Duser.variant -javaagent:C:\Users\alaed\.gradle\wrapper\dists\gradle-8.14-all\c2qonpi39x1mddn7hk5gh9iqj\gradle-8.14\lib\agents\gradle-instrumentation-agent-8.14.jar org.gradle.launcher.daemon.bootstrap.GradleDaemon 8.14

Host: Intel(R) Core(TM) i7-10750H CPU @ 2.60GHz, 12 cores, 15G,  Windows 11 , 64 bit Build 26100 (10.0.26100.7019)
Time: Tue Dec  2 12:04:25 2025 Middle East Standard Time elapsed time: 9494.745693 seconds (0d 2h 38m 14s)

---------------  T H R E A D  ---------------

Current thread (0x00000276e5383d70):  JavaThread "C2 CompilerThread1" daemon [_thread_in_native, id=15692, stack(0x00000092c1d00000,0x00000092c1e00000)]


Current CompileTask:
C2:9494745 19258   !   4       com.google.gson.Gson::getAdapter (267 bytes)

Stack: [0x00000092c1d00000,0x00000092c1e00000]
Native frames: (J=compiled Java code, j=interpreted, Vv=VM code, C=native code)
V  [jvm.dll+0x683c9a]
V  [jvm.dll+0x8427a4]
V  [jvm.dll+0x843f9e]
V  [jvm.dll+0x844603]
V  [jvm.dll+0x249b75]
V  [jvm.dll+0xabcac]
V  [jvm.dll+0xac27c]
V  [jvm.dll+0x368857]
V  [jvm.dll+0x332f31]
V  [jvm.dll+0x3323da]
V  [jvm.dll+0x21c201]
V  [jvm.dll+0x21b621]
V  [jvm.dll+0x1a4fdd]
V  [jvm.dll+0x22b098]
V  [jvm.dll+0x229159]
V  [jvm.dll+0x7f81ec]
V  [jvm.dll+0x7f274a]
V  [jvm.dll+0x682ad5]
C  [ucrtbase.dll+0x37b0]
C  [KERNEL32.DLL+0x2e8d7]
C  [ntdll.dll+0x8c53c]


---------------  P R O C E S S  ---------------

Threads class SMR info:
_java_thread_list=0x00000276dede8a00, length=120, elements={
0x000002769e318590, 0x00000276d6efe700, 0x00000276d9a27090, 0x00000276d9a85c90,
0x00000276d9a86550, 0x00000276d9a86e10, 0x00000276d9a876d0, 0x00000276d9a7b8e0,
0x00000276d9a7c7f0, 0x00000276d9a7f100, 0x00000276d9beeff0, 0x00000276d9cf50b0,
0x00000276dccf2040, 0x00000276db78db60, 0x00000276db78e030, 0x00000276dcb83610,
0x00000276dcb83ae0, 0x00000276dcb84950, 0x00000276dd33df30, 0x00000276dd33c720,
0x00000276dd33af10, 0x00000276e4e442d0, 0x00000276db840510, 0x00000276db840eb0,
0x00000276db83fb70, 0x00000276db83e830, 0x00000276db841850, 0x00000276db83e360,
0x00000276db841380, 0x00000276db8409e0, 0x00000276db841d20, 0x00000276db8421f0,
0x00000276db8426c0, 0x00000276db83ed00, 0x00000276db842b90, 0x00000276e5383d70,
0x00000276db83f1d0, 0x00000276db843060, 0x00000276db83f6a0, 0x00000276db843530,
0x00000276db843a00, 0x00000276db8456e0, 0x00000276db843ed0, 0x00000276db844870,
0x00000276db844d40, 0x00000276db8443a0, 0x00000276db845210, 0x00000276e5385bd0,
0x00000276dec5f710, 0x00000276dec5cbc0, 0x00000276dec5f240, 0x00000276dec60580,
0x00000276dec5fbe0, 0x00000276dec60f20, 0x00000276dec5da30, 0x00000276dec60a50,
0x00000276dec5d560, 0x00000276dec600b0, 0x00000276dec613f0, 0x00000276dec618c0,
0x00000276dec5df00, 0x00000276dec61d90, 0x00000276dec5e3d0, 0x00000276dec62260,
0x00000276dec5e8a0, 0x00000276dec5ed70, 0x00000276dec62730, 0x00000276dec62c00,
0x00000276dec64410, 0x00000276dec630d0, 0x00000276dec635a0, 0x00000276dec63a70,
0x00000276dec63f40, 0x00000276e187db30, 0x00000276e187b4b0, 0x00000276e187be50,
0x00000276e187e000, 0x00000276e187d190, 0x00000276e187d660, 0x00000276e187e4d0,
0x00000276e187c7f0, 0x00000276e187b980, 0x00000276e187c320, 0x00000276e187ab10,
0x00000276e187ccc0, 0x00000276e187e9a0, 0x00000276e187afe0, 0x00000276e1880b50,
0x00000276e187f810, 0x00000276e187f340, 0x00000276e18801b0, 0x00000276e18819c0,
0x00000276e1880680, 0x00000276e187ee70, 0x00000276e187fce0, 0x00000276e1881020,
0x00000276e18814f0, 0x00000276e4e42120, 0x00000276e4e425f0, 0x00000276e4e447a0,
0x00000276e4e41c50, 0x00000276e4e44c70, 0x00000276e4e41780, 0x00000276e4e43460,
0x00000276e4e412b0, 0x00000276e4e472f0, 0x00000276e4e46480, 0x00000276e4e46e20,
0x00000276e4e43930, 0x00000276e4e45140, 0x00000276e4e45610, 0x00000276e4e477c0,
0x00000276e4e46950, 0x00000276e4e45ae0, 0x00000276e4e43e00, 0x00000276e4e47c90,
0x00000276e4e48160, 0x00000276df33a860, 0x00000276df33c070, 0x00000276df33ca10
}

Java Threads: ( => current thread )
  0x000002769e318590 JavaThread "main" [_thread_blocked, id=1892, stack(0x00000092bef00000,0x00000092bf000000)]
  0x00000276d6efe700 JavaThread "Reference Handler" daemon [_thread_blocked, id=5784, stack(0x00000092bf600000,0x00000092bf700000)]
  0x00000276d9a27090 JavaThread "Finalizer" daemon [_thread_blocked, id=15572, stack(0x00000092bf700000,0x00000092bf800000)]
  0x00000276d9a85c90 JavaThread "Signal Dispatcher" daemon [_thread_blocked, id=24336, stack(0x00000092bf800000,0x00000092bf900000)]
  0x00000276d9a86550 JavaThread "Attach Listener" daemon [_thread_blocked, id=21632, stack(0x00000092bf900000,0x00000092bfa00000)]
  0x00000276d9a86e10 JavaThread "Service Thread" daemon [_thread_blocked, id=27804, stack(0x00000092bfa00000,0x00000092bfb00000)]
  0x00000276d9a876d0 JavaThread "Monitor Deflation Thread" daemon [_thread_blocked, id=30800, stack(0x00000092bfb00000,0x00000092bfc00000)]
  0x00000276d9a7b8e0 JavaThread "C2 CompilerThread0" daemon [_thread_in_native, id=22764, stack(0x00000092bfc00000,0x00000092bfd00000)]
  0x00000276d9a7c7f0 JavaThread "C1 CompilerThread0" daemon [_thread_blocked, id=18084, stack(0x00000092bfd00000,0x00000092bfe00000)]
  0x00000276d9a7f100 JavaThread "Sweeper thread" daemon [_thread_blocked, id=23236, stack(0x00000092bfe00000,0x00000092bff00000)]
  0x00000276d9beeff0 JavaThread "Common-Cleaner" daemon [_thread_blocked, id=5840, stack(0x00000092bff00000,0x00000092c0000000)]
  0x00000276d9cf50b0 JavaThread "Notification Thread" daemon [_thread_blocked, id=18504, stack(0x00000092c0000000,0x00000092c0100000)]
  0x00000276dccf2040 JavaThread "Daemon health stats" [_thread_blocked, id=6408, stack(0x00000092c0900000,0x00000092c0a00000)]
  0x00000276db78db60 JavaThread "Incoming local TCP Connector on port 61734" [_thread_in_native, id=10028, stack(0x00000092c0d00000,0x00000092c0e00000)]
  0x00000276db78e030 JavaThread "Daemon periodic checks" [_thread_blocked, id=11340, stack(0x00000092c0e00000,0x00000092c0f00000)]
  0x00000276dcb83610 JavaThread "Cache worker for journal cache (C:\Users\alaed\.gradle\caches\journal-1)" [_thread_blocked, id=32492, stack(0x00000092c1900000,0x00000092c1a00000)]
  0x00000276dcb83ae0 JavaThread "File lock request listener" [_thread_in_native, id=32000, stack(0x00000092c1a00000,0x00000092c1b00000)]
  0x00000276dcb84950 JavaThread "Cache worker for file hash cache (C:\Users\alaed\.gradle\caches\8.14\fileHashes)" [_thread_blocked, id=23484, stack(0x00000092c1b00000,0x00000092c1c00000)]
  0x00000276dd33df30 JavaThread "File watcher server" daemon [_thread_in_native, id=30304, stack(0x00000092c1e00000,0x00000092c1f00000)]
  0x00000276dd33c720 JavaThread "File watcher consumer" daemon [_thread_blocked, id=8416, stack(0x00000092c1f00000,0x00000092c2000000)]
  0x00000276dd33af10 JavaThread "Cache worker for file content cache (C:\Users\alaed\.gradle\caches\8.14\fileContent)" [_thread_blocked, id=29376, stack(0x00000092c2200000,0x00000092c2300000)]
  0x00000276e4e442d0 JavaThread "Memory manager" [_thread_blocked, id=11692, stack(0x00000092c4700000,0x00000092c4800000)]
  0x00000276db840510 JavaThread "Daemon Thread 3" [_thread_blocked, id=30248, stack(0x00000092bec00000,0x00000092bed00000)]
  0x00000276db840eb0 JavaThread "Handler for socket connection from /127.0.0.1:61734 to /127.0.0.1:49472" [_thread_in_native, id=4280, stack(0x00000092bed00000,0x00000092bee00000)]
  0x00000276db83fb70 JavaThread "Cancel handler" [_thread_blocked, id=25372, stack(0x00000092bee00000,0x00000092bef00000)]
  0x00000276db83e830 JavaThread "Daemon worker Thread 3" [_thread_in_Java, id=19472, stack(0x00000092c0200000,0x00000092c0300000)]
  0x00000276db841850 JavaThread "Asynchronous log dispatcher for DefaultDaemonConnection: socket connection from /127.0.0.1:61734 to /127.0.0.1:49472" [_thread_blocked, id=20216, stack(0x00000092c0800000,0x00000092c0900000)]
  0x00000276db83e360 JavaThread "Stdin handler" [_thread_blocked, id=15164, stack(0x00000092c0f00000,0x00000092c1000000)]
  0x00000276db841380 JavaThread "Daemon client event forwarder" [_thread_blocked, id=14896, stack(0x00000092c1000000,0x00000092c1100000)]
  0x00000276db8409e0 JavaThread "Cache worker for file hash cache (C:\Users\alaed\OneDrive\Desktop\Dentistify\dentistify\android\.gradle\8.14\fileHashes)" [_thread_blocked, id=30380, stack(0x00000092c1100000,0x00000092c1200000)]
  0x00000276db841d20 JavaThread "Cache worker for Build Output Cleanup Cache (C:\Users\alaed\OneDrive\Desktop\Dentistify\dentistify\android\.gradle\buildOutputCleanup)" [_thread_blocked, id=31892, stack(0x00000092c1200000,0x00000092c1300000)]
  0x00000276db8421f0 JavaThread "Cache worker for checksums cache (C:\Users\alaed\OneDrive\Desktop\Dentistify\dentistify\android\.gradle\8.14\checksums)" [_thread_blocked, id=30808, stack(0x00000092c1300000,0x00000092c1400000)]
  0x00000276db8426c0 JavaThread "Cache worker for cache directory md-supplier (C:\Users\alaed\.gradle\caches\8.14\md-supplier)" [_thread_blocked, id=29644, stack(0x00000092c1400000,0x00000092c1500000)]
  0x00000276db83ed00 JavaThread "Cache worker for cache directory md-rule (C:\Users\alaed\.gradle\caches\8.14\md-rule)" [_thread_blocked, id=23624, stack(0x00000092c1500000,0x00000092c1600000)]
  0x00000276db842b90 JavaThread "Cache worker for Build Output Cleanup Cache (C:\Users\alaed\AppData\Local\flutter\packages\flutter_tools\gradle\.gradle\buildOutputCleanup)" [_thread_blocked, id=15388, stack(0x00000092c1c00000,0x00000092c1d00000)]
=>0x00000276e5383d70 JavaThread "C2 CompilerThread1" daemon [_thread_in_native, id=15692, stack(0x00000092c1d00000,0x00000092c1e00000)]
  0x00000276db83f1d0 JavaThread "Unconstrained build operations" [_thread_blocked, id=11244, stack(0x00000092c2100000,0x00000092c2200000)]
  0x00000276db843060 JavaThread "Unconstrained build operations Thread 2" [_thread_blocked, id=636, stack(0x00000092c2300000,0x00000092c2400000)]
  0x00000276db83f6a0 JavaThread "Unconstrained build operations Thread 3" [_thread_blocked, id=9320, stack(0x00000092c2400000,0x00000092c2500000)]
  0x00000276db843530 JavaThread "Unconstrained build operations Thread 4" [_thread_blocked, id=10720, stack(0x00000092c2500000,0x00000092c2600000)]
  0x00000276db843a00 JavaThread "Unconstrained build operations Thread 5" [_thread_blocked, id=29944, stack(0x00000092c2600000,0x00000092c2700000)]
  0x00000276db8456e0 JavaThread "Unconstrained build operations Thread 6" [_thread_blocked, id=29364, stack(0x00000092c2700000,0x00000092c2800000)]
  0x00000276db843ed0 JavaThread "Unconstrained build operations Thread 7" [_thread_blocked, id=28848, stack(0x00000092c2800000,0x00000092c2900000)]
  0x00000276db844870 JavaThread "Unconstrained build operations Thread 8" [_thread_blocked, id=14456, stack(0x00000092c2900000,0x00000092c2a00000)]
  0x00000276db844d40 JavaThread "Unconstrained build operations Thread 9" [_thread_blocked, id=13796, stack(0x00000092c2a00000,0x00000092c2b00000)]
  0x00000276db8443a0 JavaThread "Unconstrained build operations Thread 10" [_thread_blocked, id=11476, stack(0x00000092c2b00000,0x00000092c2c00000)]
  0x00000276db845210 JavaThread "Unconstrained build operations Thread 11" [_thread_blocked, id=19936, stack(0x00000092c2c00000,0x00000092c2d00000)]
  0x00000276e5385bd0 JavaThread "C2 CompilerThread2" daemon [_thread_in_native, id=28932, stack(0x00000092c2d00000,0x00000092c2e00000)]
  0x00000276dec5f710 JavaThread "Unconstrained build operations Thread 12" [_thread_blocked, id=29064, stack(0x00000092c2e00000,0x00000092c2f00000)]
  0x00000276dec5cbc0 JavaThread "Unconstrained build operations Thread 13" [_thread_blocked, id=30844, stack(0x00000092c2f00000,0x00000092c3000000)]
  0x00000276dec5f240 JavaThread "Unconstrained build operations Thread 14" [_thread_blocked, id=9868, stack(0x00000092c3000000,0x00000092c3100000)]
  0x00000276dec60580 JavaThread "Unconstrained build operations Thread 15" [_thread_blocked, id=30728, stack(0x00000092c3100000,0x00000092c3200000)]
  0x00000276dec5fbe0 JavaThread "Unconstrained build operations Thread 16" [_thread_blocked, id=27752, stack(0x00000092c3200000,0x00000092c3300000)]
  0x00000276dec60f20 JavaThread "Unconstrained build operations Thread 17" [_thread_blocked, id=20848, stack(0x00000092c3300000,0x00000092c3400000)]
  0x00000276dec5da30 JavaThread "Unconstrained build operations Thread 18" [_thread_blocked, id=11068, stack(0x00000092c3400000,0x00000092c3500000)]
  0x00000276dec60a50 JavaThread "Unconstrained build operations Thread 19" [_thread_blocked, id=8048, stack(0x00000092c3500000,0x00000092c3600000)]
  0x00000276dec5d560 JavaThread "Unconstrained build operations Thread 20" [_thread_blocked, id=11516, stack(0x00000092c3600000,0x00000092c3700000)]
  0x00000276dec600b0 JavaThread "Unconstrained build operations Thread 21" [_thread_blocked, id=30564, stack(0x00000092c3700000,0x00000092c3800000)]
  0x00000276dec613f0 JavaThread "Unconstrained build operations Thread 22" [_thread_blocked, id=4780, stack(0x00000092c3800000,0x00000092c3900000)]
  0x00000276dec618c0 JavaThread "build event listener" [_thread_blocked, id=26016, stack(0x00000092c3900000,0x00000092c3a00000)]
  0x00000276dec5df00 JavaThread "included builds" [_thread_blocked, id=32592, stack(0x00000092c3a00000,0x00000092c3b00000)]
  0x00000276dec61d90 JavaThread "Execution worker" [_thread_blocked, id=30432, stack(0x00000092c3b00000,0x00000092c3c00000)]
  0x00000276dec5e3d0 JavaThread "Execution worker Thread 2" [_thread_blocked, id=16608, stack(0x00000092c3c00000,0x00000092c3d00000)]
  0x00000276dec62260 JavaThread "Execution worker Thread 3" [_thread_blocked, id=15544, stack(0x00000092c3d00000,0x00000092c3e00000)]
  0x00000276dec5e8a0 JavaThread "Execution worker Thread 4" [_thread_blocked, id=15368, stack(0x00000092c3e00000,0x00000092c3f00000)]
  0x00000276dec5ed70 JavaThread "Execution worker Thread 5" [_thread_blocked, id=31064, stack(0x00000092c3f00000,0x00000092c4000000)]
  0x00000276dec62730 JavaThread "Execution worker Thread 6" [_thread_blocked, id=28740, stack(0x00000092c4000000,0x00000092c4100000)]
  0x00000276dec62c00 JavaThread "Execution worker Thread 7" [_thread_blocked, id=31884, stack(0x00000092c4100000,0x00000092c4200000)]
  0x00000276dec64410 JavaThread "Execution worker Thread 8" [_thread_blocked, id=26760, stack(0x00000092c4200000,0x00000092c4300000)]
  0x00000276dec630d0 JavaThread "Execution worker Thread 9" [_thread_blocked, id=10440, stack(0x00000092c4300000,0x00000092c4400000)]
  0x00000276dec635a0 JavaThread "Execution worker Thread 10" [_thread_blocked, id=27892, stack(0x00000092c4400000,0x00000092c4500000)]
  0x00000276dec63a70 JavaThread "Execution worker Thread 11" [_thread_blocked, id=18804, stack(0x00000092c4500000,0x00000092c4600000)]
  0x00000276dec63f40 JavaThread "Cache worker for execution history cache (C:\Users\alaed\AppData\Local\flutter\packages\flutter_tools\gradle\.gradle\8.14\executionHistory)" [_thread_blocked, id=31096, stack(0x00000092c4600000,0x00000092c4700000)]
  0x00000276e187db30 JavaThread "Unconstrained build operations Thread 23" [_thread_blocked, id=30932, stack(0x00000092c4800000,0x00000092c4900000)]
  0x00000276e187b4b0 JavaThread "Unconstrained build operations Thread 24" [_thread_blocked, id=780, stack(0x00000092c4900000,0x00000092c4a00000)]
  0x00000276e187be50 JavaThread "Unconstrained build operations Thread 25" [_thread_blocked, id=31752, stack(0x00000092c4a00000,0x00000092c4b00000)]
  0x00000276e187e000 JavaThread "Unconstrained build operations Thread 26" [_thread_blocked, id=13192, stack(0x00000092c4b00000,0x00000092c4c00000)]
  0x00000276e187d190 JavaThread "Unconstrained build operations Thread 27" [_thread_blocked, id=6532, stack(0x00000092c4c00000,0x00000092c4d00000)]
  0x00000276e187d660 JavaThread "Unconstrained build operations Thread 28" [_thread_blocked, id=5852, stack(0x00000092c4d00000,0x00000092c4e00000)]
  0x00000276e187e4d0 JavaThread "Unconstrained build operations Thread 29" [_thread_blocked, id=30848, stack(0x00000092c4e00000,0x00000092c4f00000)]
  0x00000276e187c7f0 JavaThread "Unconstrained build operations Thread 30" [_thread_blocked, id=2776, stack(0x00000092c4f00000,0x00000092c5000000)]
  0x00000276e187b980 JavaThread "Unconstrained build operations Thread 31" [_thread_blocked, id=26616, stack(0x00000092c5000000,0x00000092c5100000)]
  0x00000276e187c320 JavaThread "Unconstrained build operations Thread 32" [_thread_blocked, id=29876, stack(0x00000092c5100000,0x00000092c5200000)]
  0x00000276e187ab10 JavaThread "Unconstrained build operations Thread 33" [_thread_blocked, id=23928, stack(0x00000092c5200000,0x00000092c5300000)]
  0x00000276e187ccc0 JavaThread "Unconstrained build operations Thread 34" [_thread_blocked, id=27016, stack(0x00000092c5300000,0x00000092c5400000)]
  0x00000276e187e9a0 JavaThread "Unconstrained build operations Thread 35" [_thread_blocked, id=31380, stack(0x00000092c5400000,0x00000092c5500000)]
  0x00000276e187afe0 JavaThread "Unconstrained build operations Thread 36" [_thread_blocked, id=5264, stack(0x00000092c5500000,0x00000092c5600000)]
  0x00000276e1880b50 JavaThread "Unconstrained build operations Thread 37" [_thread_blocked, id=11084, stack(0x00000092c5600000,0x00000092c5700000)]
  0x00000276e187f810 JavaThread "Unconstrained build operations Thread 38" [_thread_blocked, id=31012, stack(0x00000092c5700000,0x00000092c5800000)]
  0x00000276e187f340 JavaThread "Unconstrained build operations Thread 39" [_thread_blocked, id=26112, stack(0x00000092c5800000,0x00000092c5900000)]
  0x00000276e18801b0 JavaThread "Unconstrained build operations Thread 40" [_thread_blocked, id=2876, stack(0x00000092c5900000,0x00000092c5a00000)]
  0x00000276e18819c0 JavaThread "Unconstrained build operations Thread 41" [_thread_blocked, id=27536, stack(0x00000092c5a00000,0x00000092c5b00000)]
  0x00000276e1880680 JavaThread "Unconstrained build operations Thread 42" [_thread_blocked, id=18448, stack(0x00000092c5b00000,0x00000092c5c00000)]
  0x00000276e187ee70 JavaThread "Unconstrained build operations Thread 43" [_thread_blocked, id=1456, stack(0x00000092c5c00000,0x00000092c5d00000)]
  0x00000276e187fce0 JavaThread "Unconstrained build operations Thread 44" [_thread_blocked, id=25796, stack(0x00000092c5d00000,0x00000092c5e00000)]
  0x00000276e1881020 JavaThread "Unconstrained build operations Thread 45" [_thread_blocked, id=23208, stack(0x00000092c5e00000,0x00000092c5f00000)]
  0x00000276e18814f0 JavaThread "Unconstrained build operations Thread 46" [_thread_blocked, id=640, stack(0x00000092c5f00000,0x00000092c6000000)]
  0x00000276e4e42120 JavaThread "Unconstrained build operations Thread 47" [_thread_blocked, id=27448, stack(0x00000092c6000000,0x00000092c6100000)]
  0x00000276e4e425f0 JavaThread "Unconstrained build operations Thread 48" [_thread_blocked, id=13452, stack(0x00000092c6100000,0x00000092c6200000)]
  0x00000276e4e447a0 JavaThread "Unconstrained build operations Thread 49" [_thread_blocked, id=17100, stack(0x00000092c6200000,0x00000092c6300000)]
  0x00000276e4e41c50 JavaThread "Unconstrained build operations Thread 50" [_thread_blocked, id=22760, stack(0x00000092c6300000,0x00000092c6400000)]
  0x00000276e4e44c70 JavaThread "Unconstrained build operations Thread 51" [_thread_blocked, id=3760, stack(0x00000092c6400000,0x00000092c6500000)]
  0x00000276e4e41780 JavaThread "Unconstrained build operations Thread 52" [_thread_blocked, id=15800, stack(0x00000092c6500000,0x00000092c6600000)]
  0x00000276e4e43460 JavaThread "Unconstrained build operations Thread 53" [_thread_blocked, id=18256, stack(0x00000092c6600000,0x00000092c6700000)]
  0x00000276e4e412b0 JavaThread "Unconstrained build operations Thread 54" [_thread_blocked, id=32080, stack(0x00000092c6700000,0x00000092c6800000)]
  0x00000276e4e472f0 JavaThread "Unconstrained build operations Thread 55" [_thread_blocked, id=27096, stack(0x00000092c6800000,0x00000092c6900000)]
  0x00000276e4e46480 JavaThread "Unconstrained build operations Thread 56" [_thread_blocked, id=30872, stack(0x00000092c6900000,0x00000092c6a00000)]
  0x00000276e4e46e20 JavaThread "Unconstrained build operations Thread 57" [_thread_blocked, id=25928, stack(0x00000092c6a00000,0x00000092c6b00000)]
  0x00000276e4e43930 JavaThread "Unconstrained build operations Thread 58" [_thread_blocked, id=28392, stack(0x00000092c6b00000,0x00000092c6c00000)]
  0x00000276e4e45140 JavaThread "Unconstrained build operations Thread 59" [_thread_blocked, id=21984, stack(0x00000092c6c00000,0x00000092c6d00000)]
  0x00000276e4e45610 JavaThread "Unconstrained build operations Thread 60" [_thread_blocked, id=10504, stack(0x00000092c6d00000,0x00000092c6e00000)]
  0x00000276e4e477c0 JavaThread "Unconstrained build operations Thread 61" [_thread_blocked, id=9212, stack(0x00000092c6e00000,0x00000092c6f00000)]
  0x00000276e4e46950 JavaThread "Unconstrained build operations Thread 62" [_thread_blocked, id=29256, stack(0x00000092c6f00000,0x00000092c7000000)]
  0x00000276e4e45ae0 JavaThread "Unconstrained build operations Thread 63" [_thread_blocked, id=24352, stack(0x00000092c7000000,0x00000092c7100000)]
  0x00000276e4e43e00 JavaThread "Unconstrained build operations Thread 64" [_thread_blocked, id=27820, stack(0x00000092c7100000,0x00000092c7200000)]
  0x00000276e4e47c90 JavaThread "Unconstrained build operations Thread 65" [_thread_blocked, id=18972, stack(0x00000092c7200000,0x00000092c7300000)]
  0x00000276e4e48160 JavaThread "Unconstrained build operations Thread 66" [_thread_blocked, id=5488, stack(0x00000092c7300000,0x00000092c7400000)]
  0x00000276df33a860 JavaThread "Unconstrained build operations Thread 67" [_thread_blocked, id=16976, stack(0x00000092c7400000,0x00000092c7500000)]
  0x00000276df33c070 JavaThread "Unconstrained build operations Thread 68" [_thread_blocked, id=11096, stack(0x00000092c7500000,0x00000092c7600000)]
  0x00000276df33ca10 JavaThread "build event listener" [_thread_blocked, id=29088, stack(0x00000092c7600000,0x00000092c7700000)]

Other Threads:
  0x00000276d6ef61d0 VMThread "VM Thread" [stack: 0x00000092bf500000,0x00000092bf600000] [id=17256]
  0x00000276d6d15b30 WatcherThread [stack: 0x00000092c0100000,0x00000092c0200000] [id=16916]
  0x000002769e3c84f0 GCTaskThread "GC Thread#0" [stack: 0x00000092bf000000,0x00000092bf100000] [id=18116]
  0x00000276dabb7160 GCTaskThread "GC Thread#1" [stack: 0x00000092c0300000,0x00000092c0400000] [id=5920]
  0x00000276da95b7d0 GCTaskThread "GC Thread#2" [stack: 0x00000092c0400000,0x00000092c0500000] [id=32612]
  0x00000276da95b190 GCTaskThread "GC Thread#3" [stack: 0x00000092c0500000,0x00000092c0600000] [id=2160]
  0x00000276dab0db10 GCTaskThread "GC Thread#4" [stack: 0x00000092c0600000,0x00000092c0700000] [id=10880]
  0x00000276dab0ddc0 GCTaskThread "GC Thread#5" [stack: 0x00000092c0700000,0x00000092c0800000] [id=19340]
  0x00000276dcd44cb0 GCTaskThread "GC Thread#6" [stack: 0x00000092c0a00000,0x00000092c0b00000] [id=30456]
  0x00000276dbe79860 GCTaskThread "GC Thread#7" [stack: 0x00000092c0b00000,0x00000092c0c00000] [id=3332]
  0x00000276dcc66040 GCTaskThread "GC Thread#8" [stack: 0x00000092c0c00000,0x00000092c0d00000] [id=5628]
  0x00000276dcf3e430 GCTaskThread "GC Thread#9" [stack: 0x00000092c1600000,0x00000092c1700000] [id=9996]
  0x00000276d6d0dfc0 ConcurrentGCThread "G1 Main Marker" [stack: 0x00000092bf100000,0x00000092bf200000] [id=20308]
  0x00000276d6d0e8e0 ConcurrentGCThread "G1 Conc#0" [stack: 0x00000092bf200000,0x00000092bf300000] [id=16020]
  0x00000276dcf3e6e0 ConcurrentGCThread "G1 Conc#1" [stack: 0x00000092c1700000,0x00000092c1800000] [id=9924]
  0x00000276dcf3e990 ConcurrentGCThread "G1 Conc#2" [stack: 0x00000092c1800000,0x00000092c1900000] [id=11740]
  0x00000276d6dcd430 ConcurrentGCThread "G1 Refine#0" [stack: 0x00000092bf300000,0x00000092bf400000] [id=32572]
  0x00000276dadb2ed0 ConcurrentGCThread "G1 Refine#1" [stack: 0x00000092c2000000,0x00000092c2100000] [id=4576]
  0x00000276d6dcec10 ConcurrentGCThread "G1 Service" [stack: 0x00000092bf400000,0x00000092bf500000] [id=11272]

Threads with active compile tasks:
C2 CompilerThread0  9494763 19317       4       org.gradle.api.internal.DefaultNamedDomainObjectCollection::findByName (61 bytes)
C1 CompilerThread0  9494763 19430       3       org.gradle.api.internal.tasks.DefaultTaskContainer::realizeDescriptor (40 bytes)
C2 CompilerThread1  9494763 19258   !   4       com.google.gson.Gson::getAdapter (267 bytes)
C2 CompilerThread2  9494763 19424       4       org.gradle.internal.graph.CachingDirectedGraphWalker::doSearch (662 bytes)

VM state: not at safepoint (normal execution)

VM Mutex/Monitor currently owned by a thread:  ([mutex/lock_event])
[0x000002769de82910] CodeCache_lock - owner thread: 0x0000000000000000

Heap address: 0x0000000600000000, size: 8192 MB, Compressed Oops mode: Zero based, Oop shift amount: 3

CDS archive(s) not mapped
Compressed class space mapped at: 0x0000000800000000-0x0000000840000000, reserved size: 1073741824
Narrow klass base: 0x0000000800000000, Narrow klass shift: 0, Narrow klass range: 0x40000000

GC Precious Log:
 CPUs: 12 total, 12 available
 Memory: 16291M
 Large Page Support: Disabled
 NUMA Support: Disabled
 Compressed Oops: Enabled (Zero based)
 Heap Region Size: 4M
 Heap Min Capacity: 8M
 Heap Initial Capacity: 256M
 Heap Max Capacity: 8G
 Pre-touch: Disabled
 Parallel Workers: 10
 Concurrent Workers: 3
 Concurrent Refinement Workers: 10
 Periodic GC: Disabled

Heap:
 garbage-first heap   total 303104K, used 150964K [0x0000000600000000, 0x0000000800000000)
  region size 4096K, 4 young (16384K), 3 survivors (12288K)
 Metaspace       used 128385K, committed 129536K, reserved 1163264K
  class space    used 17548K, committed 18176K, reserved 1048576K

Heap Regions: E=young(eden), S=young(survivor), O=old, HS=humongous(starts), HC=humongous(continues), CS=collection set, F=free, OA=open archive, CA=closed archive, TAMS=top-at-mark-start (previous, next)
|   0|0x0000000600000000, 0x0000000600400000, 0x0000000600400000|100%|HS|  |TAMS 0x0000000600400000, 0x0000000600000000| Complete 
|   1|0x0000000600400000, 0x0000000600800000, 0x0000000600800000|100%| O|  |TAMS 0x0000000600800000, 0x0000000600400000| Untracked 
|   2|0x0000000600800000, 0x0000000600b78800, 0x0000000600c00000| 86%| O|  |TAMS 0x0000000600b78800, 0x0000000600800000| Untracked 
|   3|0x0000000600c00000, 0x0000000601000000, 0x0000000601000000|100%| O|  |TAMS 0x0000000601000000, 0x0000000600c00000| Untracked 
|   4|0x0000000601000000, 0x0000000601400000, 0x0000000601400000|100%| O|  |TAMS 0x0000000601400000, 0x0000000601000000| Untracked 
|   5|0x0000000601400000, 0x0000000601800000, 0x0000000601800000|100%| O|  |TAMS 0x0000000601800000, 0x0000000601400000| Untracked 
|   6|0x0000000601800000, 0x0000000601c00000, 0x0000000601c00000|100%| O|  |TAMS 0x0000000601c00000, 0x0000000601800000| Untracked 
|   7|0x0000000601c00000, 0x0000000602000000, 0x0000000602000000|100%| O|  |TAMS 0x0000000602000000, 0x0000000601c00000| Untracked 
|   8|0x0000000602000000, 0x0000000602400000, 0x0000000602400000|100%|HS|  |TAMS 0x0000000602400000, 0x0000000602000000| Complete 
|   9|0x0000000602400000, 0x0000000602800000, 0x0000000602800000|100%| O|  |TAMS 0x0000000602800000, 0x0000000602400000| Untracked 
|  10|0x0000000602800000, 0x0000000602800000, 0x0000000602c00000|  0%| F|  |TAMS 0x0000000602800000, 0x0000000602800000| Untracked 
|  11|0x0000000602c00000, 0x0000000603000000, 0x0000000603000000|100%| O|  |TAMS 0x0000000603000000, 0x0000000602c00000| Untracked 
|  12|0x0000000603000000, 0x0000000603400000, 0x0000000603400000|100%|HS|  |TAMS 0x0000000603400000, 0x0000000603000000| Complete 
|  13|0x0000000603400000, 0x0000000603800000, 0x0000000603800000|100%| O|  |TAMS 0x0000000603800000, 0x0000000603400000| Untracked 
|  14|0x0000000603800000, 0x0000000603c00000, 0x0000000603c00000|100%| O|  |TAMS 0x0000000603c00000, 0x0000000603800000| Untracked 
|  15|0x0000000603c00000, 0x0000000604000000, 0x0000000604000000|100%| O|  |TAMS 0x0000000604000000, 0x0000000603c00000| Untracked 
|  16|0x0000000604000000, 0x0000000604400000, 0x0000000604400000|100%| O|  |TAMS 0x0000000604400000, 0x0000000604000000| Untracked 
|  17|0x0000000604400000, 0x0000000604400000, 0x0000000604800000|  0%| F|  |TAMS 0x0000000604400000, 0x0000000604400000| Untracked 
|  18|0x0000000604800000, 0x0000000604c00000, 0x0000000604c00000|100%| O|  |TAMS 0x0000000604c00000, 0x0000000604800000| Untracked 
|  19|0x0000000604c00000, 0x0000000605000000, 0x0000000605000000|100%| O|  |TAMS 0x0000000605000000, 0x0000000604c00000| Untracked 
|  20|0x0000000605000000, 0x0000000605400000, 0x0000000605400000|100%| O|  |TAMS 0x0000000605400000, 0x0000000605000000| Untracked 
|  21|0x0000000605400000, 0x0000000605800000, 0x0000000605800000|100%| O|  |TAMS 0x0000000605800000, 0x0000000605400000| Untracked 
|  22|0x0000000605800000, 0x0000000605c00000, 0x0000000605c00000|100%| O|  |TAMS 0x0000000605c00000, 0x0000000605800000| Complete 
|  23|0x0000000605c00000, 0x0000000606000000, 0x0000000606000000|100%| O|  |TAMS 0x0000000606000000, 0x0000000605c00000| Complete 
|  24|0x0000000606000000, 0x0000000606400000, 0x0000000606400000|100%| O|  |TAMS 0x0000000606400000, 0x0000000606000000| Untracked 
|  25|0x0000000606400000, 0x0000000606800000, 0x0000000606800000|100%| O|  |TAMS 0x0000000606800000, 0x0000000606400000| Untracked 
|  26|0x0000000606800000, 0x0000000606c00000, 0x0000000606c00000|100%| O|  |TAMS 0x0000000606c00000, 0x0000000606800000| Untracked 
|  27|0x0000000606c00000, 0x0000000607000000, 0x0000000607000000|100%| O|  |TAMS 0x0000000607000000, 0x0000000606c00000| Complete 
|  28|0x0000000607000000, 0x0000000607400000, 0x0000000607400000|100%| O|  |TAMS 0x0000000607400000, 0x0000000607000000| Complete 
|  29|0x0000000607400000, 0x0000000607800000, 0x0000000607800000|100%| O|  |TAMS 0x0000000607800000, 0x0000000607400000| Complete 
|  30|0x0000000607800000, 0x0000000607c00000, 0x0000000607c00000|100%| O|  |TAMS 0x0000000607c00000, 0x0000000607800000| Complete 
|  31|0x0000000607c00000, 0x0000000608000000, 0x0000000608000000|100%| O|  |TAMS 0x0000000608000000, 0x0000000607c00000| Complete 
|  32|0x0000000608000000, 0x0000000608400000, 0x0000000608400000|100%| O|  |TAMS 0x0000000608400000, 0x0000000608000000| Complete 
|  33|0x0000000608400000, 0x0000000608400000, 0x0000000608800000|  0%| F|  |TAMS 0x0000000608400000, 0x0000000608400000| Untracked 
|  34|0x0000000608800000, 0x0000000608c00000, 0x0000000608c00000|100%| O|  |TAMS 0x0000000608c00000, 0x0000000608800000| Complete 
|  35|0x0000000608c00000, 0x0000000608c00000, 0x0000000609000000|  0%| F|  |TAMS 0x0000000608c00000, 0x0000000608c00000| Untracked 
|  36|0x0000000609000000, 0x0000000609400000, 0x0000000609400000|100%| O|  |TAMS 0x0000000609400000, 0x0000000609000000| Complete 
|  37|0x0000000609400000, 0x0000000609800000, 0x0000000609800000|100%| O|  |TAMS 0x0000000609800000, 0x0000000609400000| Untracked 
|  38|0x0000000609800000, 0x00000006098a8000, 0x0000000609c00000| 16%| O|  |TAMS 0x00000006098a8000, 0x0000000609800000| Untracked 
|  39|0x0000000609c00000, 0x0000000609c00000, 0x000000060a000000|  0%| F|  |TAMS 0x0000000609c00000, 0x0000000609c00000| Untracked 
|  40|0x000000060a000000, 0x000000060a000000, 0x000000060a400000|  0%| F|  |TAMS 0x000000060a000000, 0x000000060a000000| Untracked 
|  41|0x000000060a400000, 0x000000060a400000, 0x000000060a800000|  0%| F|  |TAMS 0x000000060a400000, 0x000000060a400000| Untracked 
|  42|0x000000060a800000, 0x000000060a800000, 0x000000060ac00000|  0%| F|  |TAMS 0x000000060a800000, 0x000000060a800000| Untracked 
|  43|0x000000060ac00000, 0x000000060ac00000, 0x000000060b000000|  0%| F|  |TAMS 0x000000060ac00000, 0x000000060ac00000| Untracked 
|  44|0x000000060b000000, 0x000000060b34c9f0, 0x000000060b400000| 82%| S|CS|TAMS 0x000000060b000000, 0x000000060b000000| Complete 
|  45|0x000000060b400000, 0x000000060b800000, 0x000000060b800000|100%| S|CS|TAMS 0x000000060b400000, 0x000000060b400000| Complete 
|  46|0x000000060b800000, 0x000000060b800000, 0x000000060bc00000|  0%| F|  |TAMS 0x000000060b800000, 0x000000060b800000| Untracked 
|  47|0x000000060bc00000, 0x000000060bc00000, 0x000000060c000000|  0%| F|  |TAMS 0x000000060bc00000, 0x000000060bc00000| Untracked 
|  48|0x000000060c000000, 0x000000060c400000, 0x000000060c400000|100%| S|CS|TAMS 0x000000060c000000, 0x000000060c000000| Complete 
|  49|0x000000060c400000, 0x000000060c400000, 0x000000060c800000|  0%| F|  |TAMS 0x000000060c400000, 0x000000060c400000| Untracked 
|  50|0x000000060c800000, 0x000000060c800000, 0x000000060cc00000|  0%| F|  |TAMS 0x000000060c800000, 0x000000060c800000| Untracked 
|  51|0x000000060cc00000, 0x000000060cc00000, 0x000000060d000000|  0%| F|  |TAMS 0x000000060cc00000, 0x000000060cc00000| Untracked 
|  52|0x000000060d000000, 0x000000060d000000, 0x000000060d400000|  0%| F|  |TAMS 0x000000060d000000, 0x000000060d000000| Untracked 
|  53|0x000000060d400000, 0x000000060d400000, 0x000000060d800000|  0%| F|  |TAMS 0x000000060d400000, 0x000000060d400000| Untracked 
|  54|0x000000060d800000, 0x000000060d800000, 0x000000060dc00000|  0%| F|  |TAMS 0x000000060d800000, 0x000000060d800000| Untracked 
|  55|0x000000060dc00000, 0x000000060dc00000, 0x000000060e000000|  0%| F|  |TAMS 0x000000060dc00000, 0x000000060dc00000| Untracked 
|  56|0x000000060e000000, 0x000000060e000000, 0x000000060e400000|  0%| F|  |TAMS 0x000000060e000000, 0x000000060e000000| Untracked 
|  57|0x000000060e400000, 0x000000060e400000, 0x000000060e800000|  0%| F|  |TAMS 0x000000060e400000, 0x000000060e400000| Untracked 
|  58|0x000000060e800000, 0x000000060e800000, 0x000000060ec00000|  0%| F|  |TAMS 0x000000060e800000, 0x000000060e800000| Untracked 
|  59|0x000000060ec00000, 0x000000060ec00000, 0x000000060f000000|  0%| F|  |TAMS 0x000000060ec00000, 0x000000060ec00000| Untracked 
|  60|0x000000060f000000, 0x000000060f000000, 0x000000060f400000|  0%| F|  |TAMS 0x000000060f000000, 0x000000060f000000| Untracked 
|  61|0x000000060f400000, 0x000000060f400000, 0x000000060f800000|  0%| F|  |TAMS 0x000000060f400000, 0x000000060f400000| Untracked 
|  62|0x000000060f800000, 0x000000060f800000, 0x000000060fc00000|  0%| F|  |TAMS 0x000000060f800000, 0x000000060f800000| Untracked 
|  63|0x000000060fc00000, 0x000000060fc00000, 0x0000000610000000|  0%| F|  |TAMS 0x000000060fc00000, 0x000000060fc00000| Untracked 
|  64|0x0000000610000000, 0x0000000610000000, 0x0000000610400000|  0%| F|  |TAMS 0x0000000610000000, 0x0000000610000000| Untracked 
|  65|0x0000000610400000, 0x0000000610400000, 0x0000000610800000|  0%| F|  |TAMS 0x0000000610400000, 0x0000000610400000| Untracked 
|  66|0x0000000610800000, 0x0000000610800000, 0x0000000610c00000|  0%| F|  |TAMS 0x0000000610800000, 0x0000000610800000| Untracked 
|  67|0x0000000610c00000, 0x0000000610c00000, 0x0000000611000000|  0%| F|  |TAMS 0x0000000610c00000, 0x0000000610c00000| Untracked 
|  68|0x0000000611000000, 0x0000000611000000, 0x0000000611400000|  0%| F|  |TAMS 0x0000000611000000, 0x0000000611000000| Untracked 
|  69|0x0000000611400000, 0x0000000611400000, 0x0000000611800000|  0%| F|  |TAMS 0x0000000611400000, 0x0000000611400000| Untracked 
|  70|0x0000000611800000, 0x0000000611800000, 0x0000000611c00000|  0%| F|  |TAMS 0x0000000611800000, 0x0000000611800000| Untracked 
|  71|0x0000000611c00000, 0x0000000611c00000, 0x0000000612000000|  0%| F|  |TAMS 0x0000000611c00000, 0x0000000611c00000| Untracked 
|  72|0x0000000612000000, 0x0000000612000000, 0x0000000612400000|  0%| F|  |TAMS 0x0000000612000000, 0x0000000612000000| Untracked 
|  73|0x0000000612400000, 0x00000006125bd9c0, 0x0000000612800000| 43%| E|  |TAMS 0x0000000612400000, 0x0000000612400000| Complete 

Card table byte_map: [0x00000276c4c70000,0x00000276c5c70000] _byte_map_base: 0x00000276c1c70000

Marking Bits (Prev, Next): (CMBitMap*) 0x000002769e3c8a10, (CMBitMap*) 0x000002769e3c8a50
 Prev Bits: [0x00000276c6c70000, 0x00000276cec70000)
 Next Bits: [0x00000276cec70000, 0x00000276d6c70000)

Polling page: 0x000002769e010000

Metaspace:

Usage:
  Non-class:    108.25 MB used.
      Class:     17.14 MB used.
       Both:    125.38 MB used.

Virtual space:
  Non-class space:      112.00 MB reserved,     108.75 MB ( 97%) committed,  14 nodes.
      Class space:        1.00 GB reserved,      17.75 MB (  2%) committed,  1 nodes.
             Both:        1.11 GB reserved,     126.50 MB ( 11%) committed. 

Chunk freelists:
   Non-Class:  2.87 MB
       Class:  2.40 MB
        Both:  5.27 MB

MaxMetaspaceSize: 4.00 GB
CompressedClassSpaceSize: 1.00 GB
Initial GC threshold: 21.00 MB
Current GC threshold: 210.75 MB
CDS: off
MetaspaceReclaimPolicy: balanced
 - commit_granule_bytes: 65536.
 - commit_granule_words: 8192.
 - virtual_space_node_default_size: 1048576.
 - enlarge_chunks_in_place: 1.
 - new_chunks_are_fully_committed: 0.
 - uncommit_free_chunks: 1.
 - use_allocation_guard: 0.
 - handle_deallocations: 1.


Internal statistics:

num_allocs_failed_limit: 9.
num_arena_births: 1934.
num_arena_deaths: 264.
num_vsnodes_births: 15.
num_vsnodes_deaths: 0.
num_space_committed: 2023.
num_space_uncommitted: 0.
num_chunks_returned_to_freelist: 304.
num_chunks_taken_from_freelist: 7399.
num_chunk_merges: 122.
num_chunk_splits: 4612.
num_chunks_enlarged: 2817.
num_purges: 2.
num_inconsistent_stats: 0.

CodeHeap 'non-profiled nmethods': size=259264Kb used=12999Kb max_used=12999Kb free=246265Kb
 bounds [0x00000276b3080000, 0x00000276b3d40000, 0x00000276c2db0000]
CodeHeap 'profiled nmethods': size=259264Kb used=32336Kb max_used=32336Kb free=226927Kb
 bounds [0x00000276a2db0000, 0x00000276a4d50000, 0x00000276b2ae0000]
CodeHeap 'non-nmethods': size=5760Kb used=1792Kb max_used=1934Kb free=3968Kb
 bounds [0x00000276b2ae0000, 0x00000276b2d50000, 0x00000276b3080000]
 total_blobs=17184 nmethods=16293 adapters=802
 compilation: enabled
              stopped_count=0, restarted_count=0
 full_count=0

Compilation events (20 events):
Event: 9493.736 Thread 0x00000276d9a7c7f0 nmethod 19404 0x00000276a4d3aa90 code [0x00000276a4d3aca0, 0x00000276a4d3b418]
Event: 9493.736 Thread 0x00000276d9a7c7f0 19406       3       org.gradle.api.internal.artifacts.configurations.DefaultLegacyConfiguration_Decorated::getAllDependencies (39 bytes)
Event: 9493.737 Thread 0x00000276d9a7c7f0 nmethod 19406 0x00000276a4d3b690 code [0x00000276a4d3b8a0, 0x00000276a4d3bdf8]
Event: 9493.737 Thread 0x00000276d9a7c7f0 19405       3       org.gradle.execution.plan.TaskNodeFactory$$Lambda$1572/0x0000000800ac1220::<init> (10 bytes)
Event: 9493.737 Thread 0x00000276d9a7c7f0 nmethod 19405 0x00000276a4d3bf90 code [0x00000276a4d3c120, 0x00000276a4d3c2d8]
Event: 9493.737 Thread 0x00000276d9a7c7f0 19407       1       org.gradle.api.internal.artifacts.dependencies.DefaultFileCollectionDependency::getGroup (2 bytes)
Event: 9493.737 Thread 0x00000276d9a7c7f0 nmethod 19407 0x00000276b3d30990 code [0x00000276b3d30b20, 0x00000276b3d30bf8]
Event: 9493.737 Thread 0x00000276d9a7c7f0 19408       3       org.gradle.internal.component.local.model.DefaultLocalComponentGraphResolveState$$Lambda$809/0x0000000800750268::<init> (10 bytes)
Event: 9493.737 Thread 0x00000276d9a7c7f0 nmethod 19408 0x00000276a4d3c390 code [0x00000276a4d3c520, 0x00000276a4d3c6d8]
Event: 9493.737 Thread 0x00000276d9a7c7f0 19409       3       org.gradle.internal.component.local.model.DefaultLocalComponentGraphResolveState$$Lambda$810/0x0000000800750508::<init> (10 bytes)
Event: 9493.737 Thread 0x00000276d9a7c7f0 nmethod 19409 0x00000276a4d3c790 code [0x00000276a4d3c920, 0x00000276a4d3cad8]
Event: 9493.737 Thread 0x00000276d9a7c7f0 19410       3       org.gradle.internal.component.local.model.DefaultLocalComponentGraphResolveState::initCalculatedValues (59 bytes)
Event: 9493.737 Thread 0x00000276d9a7c7f0 nmethod 19410 0x00000276a4d3cb90 code [0x00000276a4d3ce80, 0x00000276a4d3e158]
Event: 9493.737 Thread 0x00000276d9a7c7f0 19411       3       org.gradle.api.internal.artifacts.configurations.DefaultConfiguration$$Lambda$812/0x0000000800750c60::execute (16 bytes)
Event: 9493.738 Thread 0x00000276d9a7c7f0 nmethod 19411 0x00000276a4d3e790 code [0x00000276a4d3e940, 0x00000276a4d3eba8]
Event: 9493.738 Thread 0x00000276d9a7c7f0 19412       3       org.gradle.api.internal.artifacts.configurations.DefaultConfiguration::lambda$markAsObserved$11 (42 bytes)
Event: 9493.738 Thread 0x00000276e5385bd0 19413       4       org.gradle.internal.graph.CachingDirectedGraphWalker$NodeDetails::<init> (64 bytes)
Event: 9493.738 Thread 0x00000276d9a7c7f0 nmethod 19412 0x00000276a4d3ec90 code [0x00000276a4d3eee0, 0x00000276a4d3faa8]
Event: 9493.738 Thread 0x00000276d9a7c7f0 19414       1       com.android.build.gradle.internal.SdkComponentsBuildService$VersionedSdkLoader::getCompileSdkVersion (5 bytes)
Event: 9493.738 Thread 0x00000276d9a7c7f0 nmethod 19414 0x00000276b3d30c90 code [0x00000276b3d30e20, 0x00000276b3d30ef8]

GC Heap History (20 events):
Event: 3137.073 GC heap before
{Heap before GC invocations=47 (full 0):
 garbage-first heap   total 266240K, used 215800K [0x0000000600000000, 0x0000000800000000)
  region size 4096K, 25 young (102400K), 2 survivors (8192K)
 Metaspace       used 122707K, committed 123712K, reserved 1163264K
  class space    used 17028K, committed 17536K, reserved 1048576K
}
Event: 3137.079 GC heap after
{Heap after GC invocations=48 (full 0):
 garbage-first heap   total 266240K, used 121825K [0x0000000600000000, 0x0000000800000000)
  region size 4096K, 2 young (8192K), 2 survivors (8192K)
 Metaspace       used 122707K, committed 123712K, reserved 1163264K
  class space    used 17028K, committed 17536K, reserved 1048576K
}
Event: 5405.593 GC heap before
{Heap before GC invocations=48 (full 0):
 garbage-first heap   total 266240K, used 220129K [0x0000000600000000, 0x0000000800000000)
  region size 4096K, 26 young (106496K), 2 survivors (8192K)
 Metaspace       used 123218K, committed 124288K, reserved 1163264K
  class space    used 17067K, committed 17600K, reserved 1048576K
}
Event: 5405.599 GC heap after
{Heap after GC invocations=49 (full 0):
 garbage-first heap   total 266240K, used 126705K [0x0000000600000000, 0x0000000800000000)
  region size 4096K, 3 young (12288K), 3 survivors (12288K)
 Metaspace       used 123218K, committed 124288K, reserved 1163264K
  class space    used 17067K, committed 17600K, reserved 1048576K
}
Event: 5406.204 GC heap before
{Heap before GC invocations=49 (full 0):
 garbage-first heap   total 266240K, used 216817K [0x0000000600000000, 0x0000000800000000)
  region size 4096K, 26 young (106496K), 3 survivors (12288K)
 Metaspace       used 123568K, committed 124544K, reserved 1163264K
  class space    used 17079K, committed 17600K, reserved 1048576K
}
Event: 5406.212 GC heap after
{Heap after GC invocations=50 (full 0):
 garbage-first heap   total 266240K, used 133635K [0x0000000600000000, 0x0000000800000000)
  region size 4096K, 4 young (16384K), 4 survivors (16384K)
 Metaspace       used 123568K, committed 124544K, reserved 1163264K
  class space    used 17079K, committed 17600K, reserved 1048576K
}
Event: 5418.021 GC heap before
{Heap before GC invocations=50 (full 0):
 garbage-first heap   total 266240K, used 211459K [0x0000000600000000, 0x0000000800000000)
  region size 4096K, 24 young (98304K), 4 survivors (16384K)
 Metaspace       used 127180K, committed 128256K, reserved 1163264K
  class space    used 17502K, committed 18048K, reserved 1048576K
}
Event: 5418.030 GC heap after
{Heap after GC invocations=51 (full 0):
 garbage-first heap   total 266240K, used 140115K [0x0000000600000000, 0x0000000800000000)
  region size 4096K, 2 young (8192K), 2 survivors (8192K)
 Metaspace       used 127180K, committed 128256K, reserved 1163264K
  class space    used 17502K, committed 18048K, reserved 1048576K
}
Event: 5418.095 GC heap before
{Heap before GC invocations=51 (full 0):
 garbage-first heap   total 266240K, used 213843K [0x0000000600000000, 0x0000000800000000)
  region size 4096K, 21 young (86016K), 2 survivors (8192K)
 Metaspace       used 127344K, committed 128384K, reserved 1163264K
  class space    used 17526K, committed 18048K, reserved 1048576K
}
Event: 5418.100 GC heap after
{Heap after GC invocations=52 (full 0):
 garbage-first heap   total 266240K, used 160429K [0x0000000600000000, 0x0000000800000000)
  region size 4096K, 3 young (12288K), 3 survivors (12288K)
 Metaspace       used 127344K, committed 128384K, reserved 1163264K
  class space    used 17526K, committed 18048K, reserved 1048576K
}
Event: 5444.514 GC heap before
{Heap before GC invocations=53 (full 0):
 garbage-first heap   total 303104K, used 205485K [0x0000000600000000, 0x0000000800000000)
  region size 4096K, 15 young (61440K), 3 survivors (12288K)
 Metaspace       used 127662K, committed 128704K, reserved 1163264K
  class space    used 17568K, committed 18112K, reserved 1048576K
}
Event: 5444.517 GC heap after
{Heap after GC invocations=54 (full 0):
 garbage-first heap   total 303104K, used 152483K [0x0000000600000000, 0x0000000800000000)
  region size 4096K, 1 young (4096K), 1 survivors (4096K)
 Metaspace       used 127662K, committed 128704K, reserved 1163264K
  class space    used 17568K, committed 18112K, reserved 1048576K
}
Event: 5444.828 GC heap before
{Heap before GC invocations=54 (full 0):
 garbage-first heap   total 303104K, used 238499K [0x0000000600000000, 0x0000000800000000)
  region size 4096K, 22 young (90112K), 1 survivors (4096K)
 Metaspace       used 127852K, committed 128960K, reserved 1163264K
  class space    used 17575K, committed 18112K, reserved 1048576K
}
Event: 5444.833 GC heap after
{Heap after GC invocations=55 (full 0):
 garbage-first heap   total 303104K, used 157641K [0x0000000600000000, 0x0000000800000000)
  region size 4096K, 3 young (12288K), 3 survivors (12288K)
 Metaspace       used 127852K, committed 128960K, reserved 1163264K
  class space    used 17575K, committed 18112K, reserved 1048576K
}
Event: 5445.812 GC heap before
{Heap before GC invocations=56 (full 0):
 garbage-first heap   total 303104K, used 235465K [0x0000000600000000, 0x0000000800000000)
  region size 4096K, 23 young (94208K), 3 survivors (12288K)
 Metaspace       used 128268K, committed 129344K, reserved 1163264K
  class space    used 17599K, committed 18176K, reserved 1048576K
}
Event: 5445.814 GC heap after
{Heap after GC invocations=57 (full 0):
 garbage-first heap   total 303104K, used 152485K [0x0000000600000000, 0x0000000800000000)
  region size 4096K, 1 young (4096K), 1 survivors (4096K)
 Metaspace       used 128268K, committed 129344K, reserved 1163264K
  class space    used 17599K, committed 18176K, reserved 1048576K
}
Event: 5621.069 GC heap before
{Heap before GC invocations=57 (full 0):
 garbage-first heap   total 303104K, used 160677K [0x0000000600000000, 0x0000000800000000)
  region size 4096K, 3 young (12288K), 1 survivors (4096K)
 Metaspace       used 128270K, committed 129344K, reserved 1163264K
  class space    used 17599K, committed 18176K, reserved 1048576K
}
Event: 5621.074 GC heap after
{Heap after GC invocations=58 (full 0):
 garbage-first heap   total 303104K, used 141297K [0x0000000600000000, 0x0000000800000000)
  region size 4096K, 1 young (4096K), 1 survivors (4096K)
 Metaspace       used 128270K, committed 129344K, reserved 1163264K
  class space    used 17599K, committed 18176K, reserved 1048576K
}
Event: 9492.168 GC heap before
{Heap before GC invocations=58 (full 0):
 garbage-first heap   total 303104K, used 243697K [0x0000000600000000, 0x0000000800000000)
  region size 4096K, 26 young (106496K), 1 survivors (4096K)
 Metaspace       used 128333K, committed 129408K, reserved 1163264K
  class space    used 17603K, committed 18176K, reserved 1048576K
}
Event: 9493.157 GC heap after
{Heap after GC invocations=59 (full 0):
 garbage-first heap   total 303104K, used 143909K [0x0000000600000000, 0x0000000800000000)
  region size 4096K, 2 young (8192K), 2 survivors (8192K)
 Metaspace       used 128333K, committed 129408K, reserved 1163264K
  class space    used 17603K, committed 18176K, reserved 1048576K
}

Dll operation events (3 events):
Event: 0.005 Loaded shared library C:\Program Files\Android\Android Studio\jbr\bin\java.dll
Event: 0.088 Loaded shared library C:\Program Files\Android\Android Studio\jbr\bin\zip.dll
Event: 0.348 Loaded shared library C:\Program Files\Android\Android Studio\jbr\bin\verify.dll

Deoptimization events (20 events):
Event: 9493.348 Thread 0x00000276dec61d90 Uncommon trap: trap_request=0xffffffbe fr.pc=0x00000276b3ca8a4c relative=0x00000000000002ac
Event: 9493.348 Thread 0x00000276dec61d90 Uncommon trap: reason=profile_predicate action=maybe_recompile pc=0x00000276b3ca8a4c method=java.util.HashMap.keysToArray([Ljava/lang/Object;)[Ljava/lang/Object; @ 36 c2
Event: 9493.348 Thread 0x00000276dec61d90 DEOPT PACKING pc=0x00000276b3ca8a4c sp=0x00000092c3bfd500
Event: 9493.348 Thread 0x00000276dec61d90 DEOPT UNPACKING pc=0x00000276b2b369a3 sp=0x00000092c3bfd4a0 mode 2
Event: 9493.611 Thread 0x00000276db83e830 Uncommon trap: trap_request=0xffffff76 fr.pc=0x00000276b3cf32e0 relative=0x0000000000000240
Event: 9493.611 Thread 0x00000276db83e830 Uncommon trap: reason=predicate action=maybe_recompile pc=0x00000276b3cf32e0 method=java.util.HashMap.keysToArray([Ljava/lang/Object;)[Ljava/lang/Object; @ 48 c2
Event: 9493.611 Thread 0x00000276db83e830 DEOPT PACKING pc=0x00000276b3cf32e0 sp=0x00000092c02f6610
Event: 9493.611 Thread 0x00000276db83e830 DEOPT UNPACKING pc=0x00000276b2b369a3 sp=0x00000092c02f65a8 mode 2
Event: 9493.614 Thread 0x00000276db83e830 Uncommon trap: trap_request=0xffffff76 fr.pc=0x00000276b3c37a2c relative=0x000000000000048c
Event: 9493.614 Thread 0x00000276db83e830 Uncommon trap: reason=predicate action=maybe_recompile pc=0x00000276b3c37a2c method=java.util.HashMap.keysToArray([Ljava/lang/Object;)[Ljava/lang/Object; @ 46 c2
Event: 9493.614 Thread 0x00000276db83e830 DEOPT PACKING pc=0x00000276b3c37a2c sp=0x00000092c02f6600
Event: 9493.614 Thread 0x00000276db83e830 DEOPT UNPACKING pc=0x00000276b2b369a3 sp=0x00000092c02f65b0 mode 2
Event: 9493.617 Thread 0x00000276db83e830 Uncommon trap: trap_request=0xffffffbe fr.pc=0x00000276b3d11188 relative=0x0000000000000268
Event: 9493.617 Thread 0x00000276db83e830 Uncommon trap: reason=profile_predicate action=maybe_recompile pc=0x00000276b3d11188 method=java.util.HashMap.keysToArray([Ljava/lang/Object;)[Ljava/lang/Object; @ 48 c2
Event: 9493.617 Thread 0x00000276db83e830 DEOPT PACKING pc=0x00000276b3d11188 sp=0x00000092c02f6c90
Event: 9493.617 Thread 0x00000276db83e830 DEOPT UNPACKING pc=0x00000276b2b369a3 sp=0x00000092c02f6c28 mode 2
Event: 9493.617 Thread 0x00000276db83e830 Uncommon trap: trap_request=0xffffffbe fr.pc=0x00000276b3d11188 relative=0x0000000000000268
Event: 9493.617 Thread 0x00000276db83e830 Uncommon trap: reason=profile_predicate action=maybe_recompile pc=0x00000276b3d11188 method=java.util.HashMap.keysToArray([Ljava/lang/Object;)[Ljava/lang/Object; @ 48 c2
Event: 9493.617 Thread 0x00000276db83e830 DEOPT PACKING pc=0x00000276b3d11188 sp=0x00000092c02f6610
Event: 9493.617 Thread 0x00000276db83e830 DEOPT UNPACKING pc=0x00000276b2b369a3 sp=0x00000092c02f65a8 mode 2

Classes unloaded (20 events):
Event: 9493.217 Thread 0x00000276d6ef61d0 Unloading class 0x00000008002eec00 'java/lang/invoke/LambdaForm$MH+0x00000008002eec00'
Event: 9493.217 Thread 0x00000276d6ef61d0 Unloading class 0x00000008002ee800 'java/lang/invoke/LambdaForm$MH+0x00000008002ee800'
Event: 9493.217 Thread 0x00000276d6ef61d0 Unloading class 0x00000008002ee400 'java/lang/invoke/LambdaForm$MH+0x00000008002ee400'
Event: 9493.217 Thread 0x00000276d6ef61d0 Unloading class 0x00000008002ee000 'java/lang/invoke/LambdaForm$MH+0x00000008002ee000'
Event: 9493.217 Thread 0x00000276d6ef61d0 Unloading class 0x00000008002edc00 'java/lang/invoke/LambdaForm$MH+0x00000008002edc00'
Event: 9493.217 Thread 0x00000276d6ef61d0 Unloading class 0x00000008002ed800 'java/lang/invoke/LambdaForm$MH+0x00000008002ed800'
Event: 9493.217 Thread 0x00000276d6ef61d0 Unloading class 0x00000008002ec800 'java/lang/invoke/LambdaForm$MH+0x00000008002ec800'
Event: 9493.217 Thread 0x00000276d6ef61d0 Unloading class 0x00000008002ec400 'java/lang/invoke/LambdaForm$BMH+0x00000008002ec400'
Event: 9493.217 Thread 0x00000276d6ef61d0 Unloading class 0x0000000800210800 'java/lang/invoke/LambdaForm$DMH+0x0000000800210800'
Event: 9493.217 Thread 0x00000276d6ef61d0 Unloading class 0x0000000800210000 'java/lang/invoke/LambdaForm$DMH+0x0000000800210000'
Event: 9493.217 Thread 0x00000276d6ef61d0 Unloading class 0x00000008001ae000 'java/lang/invoke/LambdaForm$MH+0x00000008001ae000'
Event: 9493.217 Thread 0x00000276d6ef61d0 Unloading class 0x00000008001ad800 'java/lang/invoke/LambdaForm$MH+0x00000008001ad800'
Event: 9493.217 Thread 0x00000276d6ef61d0 Unloading class 0x00000008001ad400 'java/lang/invoke/LambdaForm$MH+0x00000008001ad400'
Event: 9493.217 Thread 0x00000276d6ef61d0 Unloading class 0x00000008001ad000 'java/lang/invoke/LambdaForm$MH+0x00000008001ad000'
Event: 9493.217 Thread 0x00000276d6ef61d0 Unloading class 0x00000008001acc00 'java/lang/invoke/LambdaForm$MH+0x00000008001acc00'
Event: 9493.217 Thread 0x00000276d6ef61d0 Unloading class 0x00000008001ac400 'java/lang/invoke/LambdaForm$MH+0x00000008001ac400'
Event: 9493.217 Thread 0x00000276d6ef61d0 Unloading class 0x0000000800144000 'java/lang/invoke/LambdaForm$DMH+0x0000000800144000'
Event: 9493.217 Thread 0x00000276d6ef61d0 Unloading class 0x00000008000fa800 'java/lang/invoke/LambdaForm$MH+0x00000008000fa800'
Event: 9493.217 Thread 0x00000276d6ef61d0 Unloading class 0x00000008000fa400 'java/lang/invoke/LambdaForm$MH+0x00000008000fa400'
Event: 9493.217 Thread 0x00000276d6ef61d0 Unloading class 0x00000008000f8000 'java/lang/invoke/LambdaForm$MH+0x00000008000f8000'

Classes redefined (0 events):
No events

Internal exceptions (20 events):
Event: 9489.957 Thread 0x00000276db83e830 Exception <a 'sun/nio/fs/WindowsException'{0x000000060d946420}> (0x000000060d946420) 
thrown [s\src\hotspot\share\prims\jni.cpp, line 517]
Event: 9489.957 Thread 0x00000276db83e830 Exception <a 'sun/nio/fs/WindowsException'{0x000000060d947980}> (0x000000060d947980) 
thrown [s\src\hotspot\share\prims\jni.cpp, line 517]
Event: 9489.957 Thread 0x00000276db83e830 Exception <a 'sun/nio/fs/WindowsException'{0x000000060d948ec0}> (0x000000060d948ec0) 
thrown [s\src\hotspot\share\prims\jni.cpp, line 517]
Event: 9489.979 Thread 0x00000276db83e830 Exception <a 'sun/nio/fs/WindowsException'{0x000000060da661e0}> (0x000000060da661e0) 
thrown [s\src\hotspot\share\prims\jni.cpp, line 517]
Event: 9489.979 Thread 0x00000276db83e830 Exception <a 'sun/nio/fs/WindowsException'{0x000000060da67f38}> (0x000000060da67f38) 
thrown [s\src\hotspot\share\prims\jni.cpp, line 517]
Event: 9489.980 Thread 0x00000276db83e830 Exception <a 'sun/nio/fs/WindowsException'{0x000000060da69c90}> (0x000000060da69c90) 
thrown [s\src\hotspot\share\prims\jni.cpp, line 517]
Event: 9489.980 Thread 0x00000276db83e830 Exception <a 'sun/nio/fs/WindowsException'{0x000000060da6b9c8}> (0x000000060da6b9c8) 
thrown [s\src\hotspot\share\prims\jni.cpp, line 517]
Event: 9493.349 Thread 0x00000276dec61d90 Exception <a 'sun/nio/fs/WindowsException'{0x00000006117f8d40}> (0x00000006117f8d40) 
thrown [s\src\hotspot\share\prims\jni.cpp, line 517]
Event: 9493.350 Thread 0x00000276dec61d90 Exception <a 'sun/nio/fs/WindowsException'{0x00000006117faf00}> (0x00000006117faf00) 
thrown [s\src\hotspot\share\prims\jni.cpp, line 517]
Event: 9493.350 Thread 0x00000276dec61d90 Exception <a 'sun/nio/fs/WindowsException'{0x00000006117fd020}> (0x00000006117fd020) 
thrown [s\src\hotspot\share\prims\jni.cpp, line 517]
Event: 9493.350 Thread 0x00000276dec61d90 Exception <a 'sun/nio/fs/WindowsException'{0x00000006117fede8}> (0x00000006117fede8) 
thrown [s\src\hotspot\share\prims\jni.cpp, line 517]
Event: 9493.351 Thread 0x00000276dec61d90 Exception <a 'sun/nio/fs/WindowsException'{0x00000006110212b8}> (0x00000006110212b8) 
thrown [s\src\hotspot\share\prims\jni.cpp, line 517]
Event: 9493.351 Thread 0x00000276dec61d90 Exception <a 'sun/nio/fs/WindowsException'{0x0000000611023480}> (0x0000000611023480) 
thrown [s\src\hotspot\share\prims\jni.cpp, line 517]
Event: 9493.351 Thread 0x00000276dec61d90 Exception <a 'sun/nio/fs/WindowsException'{0x0000000611025260}> (0x0000000611025260) 
thrown [s\src\hotspot\share\prims\jni.cpp, line 517]
Event: 9493.565 Thread 0x00000276db83e830 Exception <a 'sun/nio/fs/WindowsException'{0x000000060dc6bf28}> (0x000000060dc6bf28) 
thrown [s\src\hotspot\share\prims\jni.cpp, line 517]
Event: 9493.642 Thread 0x00000276db83e830 Exception <a 'sun/nio/fs/WindowsException'{0x000000060d7ede28}> (0x000000060d7ede28) 
thrown [s\src\hotspot\share\prims\jni.cpp, line 517]
Event: 9493.727 Thread 0x00000276db83e830 Exception <a 'sun/nio/fs/WindowsException'{0x000000060c602270}> (0x000000060c602270) 
thrown [s\src\hotspot\share\prims\jni.cpp, line 517]
Event: 9493.727 Thread 0x00000276db83e830 Exception <a 'sun/nio/fs/WindowsException'{0x000000060c603898}> (0x000000060c603898) 
thrown [s\src\hotspot\share\prims\jni.cpp, line 517]
Event: 9493.727 Thread 0x00000276db83e830 Exception <a 'sun/nio/fs/WindowsException'{0x000000060c604f10}> (0x000000060c604f10) 
thrown [s\src\hotspot\share\prims\jni.cpp, line 517]
Event: 9493.727 Thread 0x00000276db83e830 Exception <a 'sun/nio/fs/WindowsException'{0x000000060c606588}> (0x000000060c606588) 
thrown [s\src\hotspot\share\prims\jni.cpp, line 517]

VM Operations (20 events):
Event: 8471.827 Executing VM operation: Cleanup
Event: 8471.827 Executing VM operation: Cleanup done
Event: 8961.473 Executing VM operation: Cleanup
Event: 8961.474 Executing VM operation: Cleanup done
Event: 9385.178 Executing VM operation: Cleanup
Event: 9385.178 Executing VM operation: Cleanup done
Event: 9490.081 Executing VM operation: Cleanup
Event: 9490.082 Executing VM operation: Cleanup done
Event: 9491.092 Executing VM operation: Cleanup
Event: 9492.047 Executing VM operation: Cleanup done
Event: 9492.168 Executing VM operation: G1CollectForAllocation
Event: 9493.157 Executing VM operation: G1CollectForAllocation done
Event: 9493.215 Executing VM operation: G1Concurrent
Event: 9493.244 Executing VM operation: G1Concurrent done
Event: 9493.265 Executing VM operation: G1Concurrent
Event: 9493.282 Executing VM operation: G1Concurrent done
Event: 9493.688 Executing VM operation: ICBufferFull
Event: 9493.688 Executing VM operation: ICBufferFull done
Event: 9494.697 Executing VM operation: Cleanup
Event: 9494.697 Executing VM operation: Cleanup done

Events (20 events):
Event: 9493.453 Thread 0x00000276e4e41c50 Thread added: 0x00000276e4e41c50
Event: 9493.453 Thread 0x00000276e4e44c70 Thread added: 0x00000276e4e44c70
Event: 9493.453 Thread 0x00000276e4e41780 Thread added: 0x00000276e4e41780
Event: 9493.453 Thread 0x00000276e4e43460 Thread added: 0x00000276e4e43460
Event: 9493.453 Thread 0x00000276e4e412b0 Thread added: 0x00000276e4e412b0
Event: 9493.453 Thread 0x00000276e4e472f0 Thread added: 0x00000276e4e472f0
Event: 9493.453 Thread 0x00000276e4e46480 Thread added: 0x00000276e4e46480
Event: 9493.453 Thread 0x00000276e4e46e20 Thread added: 0x00000276e4e46e20
Event: 9493.490 Thread 0x00000276e4e43930 Thread added: 0x00000276e4e43930
Event: 9493.491 Thread 0x00000276e4e45140 Thread added: 0x00000276e4e45140
Event: 9493.491 Thread 0x00000276e4e45610 Thread added: 0x00000276e4e45610
Event: 9493.491 Thread 0x00000276e4e477c0 Thread added: 0x00000276e4e477c0
Event: 9493.491 Thread 0x00000276e4e46950 Thread added: 0x00000276e4e46950
Event: 9493.491 Thread 0x00000276e4e45ae0 Thread added: 0x00000276e4e45ae0
Event: 9493.491 Thread 0x00000276e4e43e00 Thread added: 0x00000276e4e43e00
Event: 9493.491 Thread 0x00000276e4e47c90 Thread added: 0x00000276e4e47c90
Event: 9493.491 Thread 0x00000276e4e48160 Thread added: 0x00000276e4e48160
Event: 9493.491 Thread 0x00000276df33a860 Thread added: 0x00000276df33a860
Event: 9493.492 Thread 0x00000276df33c070 Thread added: 0x00000276df33c070
Event: 9493.574 Thread 0x00000276df33ca10 Thread added: 0x00000276df33ca10


Dynamic libraries:
0x00007ff6c1100000 - 0x00007ff6c110a000 	C:\Program Files\Android\Android Studio\jbr\bin\java.exe
0x00007ffd3b500000 - 0x00007ffd3b768000 	C:\WINDOWS\SYSTEM32\ntdll.dll
0x00007ffd3b030000 - 0x00007ffd3b0f9000 	C:\WINDOWS\System32\KERNEL32.DLL
0x00007ffd38650000 - 0x00007ffd38a48000 	C:\WINDOWS\System32\KERNELBASE.dll
0x00007ffd38cc0000 - 0x00007ffd38e0b000 	C:\WINDOWS\System32\ucrtbase.dll
0x00007ffd35190000 - 0x00007ffd351a7000 	C:\Program Files\Android\Android Studio\jbr\bin\jli.dll
0x00007ffd2fc10000 - 0x00007ffd2fc2b000 	C:\Program Files\Android\Android Studio\jbr\bin\VCRUNTIME140.dll
0x00007ffd3a770000 - 0x00007ffd3a937000 	C:\WINDOWS\System32\USER32.dll
0x00007ffd22640000 - 0x00007ffd228d4000 	C:\WINDOWS\WinSxS\amd64_microsoft.windows.common-controls_6595b64144ccf1df_6.0.26100.7019_none_3e06ffa0e335b8a8\COMCTL32.dll
0x00007ffd38e10000 - 0x00007ffd38e37000 	C:\WINDOWS\System32\win32u.dll
0x00007ffd398e0000 - 0x00007ffd39989000 	C:\WINDOWS\System32\msvcrt.dll
0x00007ffd3acd0000 - 0x00007ffd3acfb000 	C:\WINDOWS\System32\GDI32.dll
0x00007ffd38b00000 - 0x00007ffd38c2c000 	C:\WINDOWS\System32\gdi32full.dll
0x00007ffd38e40000 - 0x00007ffd38ee3000 	C:\WINDOWS\System32\msvcp_win.dll
0x00007ffd3ae30000 - 0x00007ffd3ae61000 	C:\WINDOWS\System32\IMM32.DLL
0x00007ffd31850000 - 0x00007ffd3185c000 	C:\Program Files\Android\Android Studio\jbr\bin\vcruntime140_1.dll
0x00007ffcf9470000 - 0x00007ffcf94fd000 	C:\Program Files\Android\Android Studio\jbr\bin\msvcp140.dll
0x00007ffcbf2f0000 - 0x00007ffcbff5e000 	C:\Program Files\Android\Android Studio\jbr\bin\server\jvm.dll
0x00007ffd39460000 - 0x00007ffd39514000 	C:\WINDOWS\System32\ADVAPI32.dll
0x00007ffd392a0000 - 0x00007ffd39346000 	C:\WINDOWS\System32\sechost.dll
0x00007ffd3b230000 - 0x00007ffd3b348000 	C:\WINDOWS\System32\RPCRT4.dll
0x00007ffd26af0000 - 0x00007ffd26b25000 	C:\WINDOWS\SYSTEM32\WINMM.dll
0x00007ffd21810000 - 0x00007ffd2181a000 	C:\WINDOWS\SYSTEM32\WSOCK32.dll
0x00007ffd2f300000 - 0x00007ffd2f30b000 	C:\WINDOWS\SYSTEM32\VERSION.dll
0x00007ffd3a180000 - 0x00007ffd3a1f4000 	C:\WINDOWS\System32\WS2_32.dll
0x00007ffd37410000 - 0x00007ffd3742b000 	C:\WINDOWS\SYSTEM32\kernel.appcore.dll
0x00007ffd2fe20000 - 0x00007ffd2fe2a000 	C:\Program Files\Android\Android Studio\jbr\bin\jimage.dll
0x00007ffd35eb0000 - 0x00007ffd360f2000 	C:\WINDOWS\SYSTEM32\DBGHELP.DLL
0x00007ffd3a940000 - 0x00007ffd3accb000 	C:\WINDOWS\System32\combase.dll
0x00007ffd3a690000 - 0x00007ffd3a767000 	C:\WINDOWS\System32\OLEAUT32.dll
0x00007ffd20ee0000 - 0x00007ffd20f1c000 	C:\WINDOWS\SYSTEM32\dbgcore.DLL
0x00007ffd38a50000 - 0x00007ffd38af5000 	C:\WINDOWS\System32\bcryptPrimitives.dll
0x00007ffd2bfd0000 - 0x00007ffd2bfde000 	C:\Program Files\Android\Android Studio\jbr\bin\instrument.dll
0x00007ffd10b20000 - 0x00007ffd10b45000 	C:\Program Files\Android\Android Studio\jbr\bin\java.dll
0x00007ffd10900000 - 0x00007ffd10918000 	C:\Program Files\Android\Android Studio\jbr\bin\zip.dll
0x00007ffd39990000 - 0x00007ffd3a0df000 	C:\WINDOWS\System32\SHELL32.dll
0x00007ffd38ef0000 - 0x00007ffd3905b000 	C:\WINDOWS\System32\wintypes.dll
0x00007ffd362b0000 - 0x00007ffd36b0d000 	C:\WINDOWS\SYSTEM32\windows.storage.dll
0x00007ffd39530000 - 0x00007ffd39622000 	C:\WINDOWS\System32\SHCORE.dll
0x00007ffd3ad00000 - 0x00007ffd3ad67000 	C:\WINDOWS\System32\shlwapi.dll
0x00007ffd38570000 - 0x00007ffd38599000 	C:\WINDOWS\SYSTEM32\profapi.dll
0x00007ffd0f080000 - 0x00007ffd0f099000 	C:\Program Files\Android\Android Studio\jbr\bin\net.dll
0x00007ffd31320000 - 0x00007ffd31448000 	C:\WINDOWS\SYSTEM32\WINHTTP.dll
0x00007ffd37980000 - 0x00007ffd379eb000 	C:\WINDOWS\system32\mswsock.dll
0x00007ffd0eb00000 - 0x00007ffd0eb16000 	C:\Program Files\Android\Android Studio\jbr\bin\nio.dll
0x00007ffd2f8b0000 - 0x00007ffd2f8c0000 	C:\Program Files\Android\Android Studio\jbr\bin\verify.dll
0x00007ffd09bf0000 - 0x00007ffd09c17000 	C:\Users\alaed\.gradle\native\1def1411415f61bf3af743bc5b6707747c0891f09f0c88961ee8f79bc544acac\windows-amd64\native-platform.dll
0x00007ffce2860000 - 0x00007ffce28d8000 	C:\Users\alaed\.gradle\native\0.2.7\x86_64-windows-gnu\gradle-fileevents.dll
0x00007ffd2e7c0000 - 0x00007ffd2e7c9000 	C:\Program Files\Android\Android Studio\jbr\bin\management.dll
0x00007ffd2e5f0000 - 0x00007ffd2e5fb000 	C:\Program Files\Android\Android Studio\jbr\bin\management_ext.dll
0x00007ffd393f0000 - 0x00007ffd393f8000 	C:\WINDOWS\System32\PSAPI.DLL
0x00007ffd36e70000 - 0x00007ffd36ea4000 	C:\WINDOWS\SYSTEM32\IPHLPAPI.DLL
0x00007ffd39350000 - 0x00007ffd3935a000 	C:\WINDOWS\System32\NSI.dll
0x00007ffd310d0000 - 0x00007ffd310ee000 	C:\WINDOWS\SYSTEM32\dhcpcsvc6.DLL
0x00007ffd31050000 - 0x00007ffd31073000 	C:\WINDOWS\SYSTEM32\dhcpcsvc.DLL
0x00007ffd36f10000 - 0x00007ffd3703c000 	C:\WINDOWS\SYSTEM32\DNSAPI.dll
0x00007ffd37c40000 - 0x00007ffd37c5b000 	C:\WINDOWS\SYSTEM32\CRYPTSP.dll
0x00007ffd37370000 - 0x00007ffd373aa000 	C:\WINDOWS\system32\rsaenh.dll
0x00007ffd37a30000 - 0x00007ffd37a5b000 	C:\WINDOWS\SYSTEM32\USERENV.dll
0x00007ffd38540000 - 0x00007ffd3856a000 	C:\WINDOWS\SYSTEM32\bcrypt.dll
0x00007ffd37c60000 - 0x00007ffd37c6c000 	C:\WINDOWS\SYSTEM32\CRYPTBASE.dll
0x00007ffd1f470000 - 0x00007ffd1f478000 	C:\WINDOWS\system32\wshunix.dll
0x00007ffd1ae20000 - 0x00007ffd1ae38000 	C:\WINDOWS\system32\napinsp.dll
0x00007ffd1ac00000 - 0x00007ffd1ac12000 	C:\WINDOWS\System32\winrnr.dll
0x00007ffd1abd0000 - 0x00007ffd1abf2000 	C:\WINDOWS\system32\nlansp_c.dll
0x00007ffd319b0000 - 0x00007ffd319c6000 	C:\WINDOWS\system32\wshbth.dll
0x00007ffd301b0000 - 0x00007ffd301bb000 	C:\Windows\System32\rasadhlp.dll
0x00007ffd2fd00000 - 0x00007ffd2fd86000 	C:\WINDOWS\System32\fwpuclnt.dll

dbghelp: loaded successfully - version: 4.0.5 - missing functions: none
symbol engine: initialized successfully - sym options: 0x614 - pdb path: .;C:\Program Files\Android\Android Studio\jbr\bin;C:\WINDOWS\SYSTEM32;C:\WINDOWS\WinSxS\amd64_microsoft.windows.common-controls_6595b64144ccf1df_6.0.26100.7019_none_3e06ffa0e335b8a8;C:\Program Files\Android\Android Studio\jbr\bin\server;C:\Users\alaed\.gradle\native\1def1411415f61bf3af743bc5b6707747c0891f09f0c88961ee8f79bc544acac\windows-amd64;C:\Users\alaed\.gradle\native\0.2.7\x86_64-windows-gnu

VM Arguments:
jvm_args: --add-opens=java.base/java.lang=ALL-UNNAMED --add-opens=java.base/java.lang.invoke=ALL-UNNAMED --add-opens=java.base/java.util=ALL-UNNAMED --add-opens=java.prefs/java.util.prefs=ALL-UNNAMED --add-exports=jdk.compiler/com.sun.tools.javac.api=ALL-UNNAMED --add-exports=jdk.compiler/com.sun.tools.javac.util=ALL-UNNAMED --add-opens=java.base/java.util=ALL-UNNAMED --add-opens=java.prefs/java.util.prefs=ALL-UNNAMED --add-opens=java.base/java.nio.charset=ALL-UNNAMED --add-opens=java.base/java.net=ALL-UNNAMED --add-opens=java.base/java.util.concurrent.atomic=ALL-UNNAMED --add-opens=java.xml/javax.xml.namespace=ALL-UNNAMED -XX:MaxMetaspaceSize=4G -XX:ReservedCodeCacheSize=512m -XX:+HeapDumpOnOutOfMemoryError -Xmx8G -Dfile.encoding=windows-1252 -Duser.country=US -Duser.language=en -Duser.variant -javaagent:C:\Users\alaed\.gradle\wrapper\dists\gradle-8.14-all\c2qonpi39x1mddn7hk5gh9iqj\gradle-8.14\lib\agents\gradle-instrumentation-agent-8.14.jar 
java_command: org.gradle.launcher.daemon.bootstrap.GradleDaemon 8.14
java_class_path (initial): C:\Users\alaed\.gradle\wrapper\dists\gradle-8.14-all\c2qonpi39x1mddn7hk5gh9iqj\gradle-8.14\lib\gradle-daemon-main-8.14.jar
Launcher Type: SUN_STANDARD

[Global flags]
     intx CICompilerCount                          = 4                                         {product} {ergonomic}
     uint ConcGCThreads                            = 3                                         {product} {ergonomic}
     uint G1ConcRefinementThreads                  = 10                                        {product} {ergonomic}
   size_t G1HeapRegionSize                         = 4194304                                   {product} {ergonomic}
    uintx GCDrainStackTargetSize                   = 64                                        {product} {ergonomic}
     bool HeapDumpOnOutOfMemoryError               = true                                   {manageable} {command line}
   size_t InitialHeapSize                          = 268435456                                 {product} {ergonomic}
   size_t MarkStackSize                            = 4194304                                   {product} {ergonomic}
   size_t MaxHeapSize                              = 8589934592                                {product} {command line}
   size_t MaxMetaspaceSize                         = 4294967296                                {product} {command line}
   size_t MaxNewSize                               = 5150605312                                {product} {ergonomic}
   size_t MinHeapDeltaBytes                        = 4194304                                   {product} {ergonomic}
   size_t MinHeapSize                              = 8388608                                   {product} {ergonomic}
    uintx NonNMethodCodeHeapSize                   = 5839372                                {pd product} {ergonomic}
    uintx NonProfiledCodeHeapSize                  = 265515770                              {pd product} {ergonomic}
    uintx ProfiledCodeHeapSize                     = 265515770                              {pd product} {ergonomic}
    uintx ReservedCodeCacheSize                    = 536870912                              {pd product} {command line}
     bool SegmentedCodeCache                       = true                                      {product} {ergonomic}
   size_t SoftMaxHeapSize                          = 8589934592                             {manageable} {ergonomic}
   double SweeperThreshold                         = 0.234375                                  {product} {ergonomic}
     bool UseCompressedClassPointers               = true                           {product lp64_product} {ergonomic}
     bool UseCompressedOops                        = true                           {product lp64_product} {ergonomic}
     bool UseG1GC                                  = true                                      {product} {ergonomic}
     bool UseLargePagesIndividualAllocation        = false                                  {pd product} {ergonomic}

Logging:
Log output configuration:
 #0: stdout all=warning uptime,level,tags
 #1: stderr all=off uptime,level,tags

Environment Variables:
JAVA_HOME=C:\Program Files\Android\Android Studio\jbr
CLASSPATH=C:\Users\alaed\OneDrive\Desktop\Dentistify\dentistify\android\\gradle\wrapper\gradle-wrapper.jar
PATH=C:\Program Files\Android\Android Studio\jbr\bin;C:\Program Files\Eclipse Adoptium\jdk-25.0.1.8-hotspot\bin;C:\Program Files\Eclipse Adoptium\jdk-17.0.17.10-hotspot\bin;C:\Users\alaed\AppData\Local\Programs\Python\Python313\Scripts\;C:\Users\alaed\AppData\Local\Programs\Python\Python313\;C:\Users\alaed\AppData\Local\flutter\bin;C:\Windows\System32;C:\Windows\System32\WindowsPowerShell\v1.0;C:\Users\alaed\AppData\Local\Programs\Python\Python313\Scripts;C:\Users\alaed\AppData\Local\Temp;C:\Program Files (x86)\Microsoft SQL Server\160\Tools\Binn\;C:\Program Files\Microsoft SQL Server\160\Tools\Binn\;C:\Program Files\Microsoft SQL Server\Client SDK\ODBC\170\Tools\Binn\;C:\Program Files\Microsoft SQL Server\160\DTS\Binn\;C:\Program Files (x86)\Microsoft SQL Server\160\DTS\Binn\;C:\Program Files\nodejs\;C:\ProgramData\chocolatey\bin;C:\wamp64\bin\php\php7.4.33;C:\ProgramData\ComposerSetup\bin;C:\WINDOWS\system32;C:\WINDOWS;C:\WINDOWS\System32\Wbem;C:\WINDOWS\System32\WindowsPowerShell\v1.0\;C:\WINDOWS\System32\OpenSSH\;C:\Program Files\Git\cmd;C:\Program Files\Git\bin;C:\Users\alaed\AppData\Local\Pub\Cache\bin;c:\Users\alaed\AppData\Local\Programs\Trae\bin;C:\Program Files\MySQL\MySQL Shell 8.0\bin\;C:\Users\alaed\AppData\Local\Programs\Python\Launcher\;C:\Users\alaed\AppData\Local\Microsoft\WindowsApps;C:\Users\alaed\AppData\Roaming\npm;C:\Users\alaed\AppData\Roaming\Composer\vendor\bin;C:\Users\alaed\AppData\Local\Android\Sdk\platform-tools;C:\Users\alaed\AppData\Local\Programs\Microsoft VS Code\bin;C:\Users\alaed\AppData\Local\Microsoft\WindowsApps;;C:\Users\alaed\AppData\Local\flutter\bin\mingit\cmd;C:\Users\alaed\AppData\Local\flutter\bin\mingit\cmd
USERNAME=alaed
OS=Windows_NT
PROCESSOR_IDENTIFIER=Intel64 Family 6 Model 165 Stepping 2, GenuineIntel
TMP=C:\Users\alaed\AppData\Local\Temp
TEMP=C:\Users\alaed\AppData\Local\Temp


JNI global refs:
JNI global refs: 30, weak refs: 7

JNI global refs memory usage: 843, weak refs: 841


---------------  S Y S T E M  ---------------

OS:
 Windows 11 , 64 bit Build 26100 (10.0.26100.7019)
OS uptime: 9 days 15:34 hours

CPU: total 12 (initial active 12) (6 cores per cpu, 2 threads per core) family 6 model 165 stepping 2 microcode 0xe0, cx8, cmov, fxsr, ht, mmx, 3dnowpref, sse, sse2, sse3, ssse3, sse4.1, sse4.2, popcnt, lzcnt, tsc, tscinvbit, avx, avx2, aes, erms, clmul, bmi1, bmi2, adx, fma, vzeroupper, clflush, clflushopt

Memory: 4k page, system-wide physical 16291M (3182M free)
TotalPageFile size 32675M (AvailPageFile size 31M)
current process WorkingSet (physical memory assigned to process): 505M, peak: 571M
current process commit charge ("private bytes"): 691M, peak: 700M

vm_info: OpenJDK 64-Bit Server VM (17.0.6+0-b2043.56-10027231) for windows-amd64 JRE (17.0.6+0-b2043.56-10027231), built on Apr 28 2023 00:43:19 by "androidbuild" with MS VC++ 16.10 / 16.11 (VS2019)

END.
